
-------------
2023-10-31 11:27:16 : Begin replicate 1
-------------

  Extracting PCs...

  Running Bayesian model...

Calling 3 simulations using the parallel method...
Following the progress of chain 1 (the program will wait for all
chains to finish before continuing):
Welcome to JAGS 4.3.2 (official binary) on Tue Oct 31 11:27:21 2023
JAGS is free software and comes with ABSOLUTELY NO WARRANTY
Loading module: basemod: ok
Loading module: bugs: ok
. Loading module: glm: ok
. Loading module: lecuyer: ok
. Loading module: dic: ok
. . Reading data file data.txt
. Compiling model graph
   Resolving undeclared variables
   Allocating nodes
Graph information:
   Observed stochastic nodes: 372
   Unobserved stochastic nodes: 84
   Total graph size: 1691
. Reading parameter file inits1.txt
. Initializing model
. Adapting 100
-------------------------------------------------| 100
++++++++++++++++++++++++++++++++++++++++++++++++++ 100%
Adaptation successful
. Updating 1000
-------------------------------------------------| 1000
************************************************** 100%
. . . . . . Updating 334
-------------------------------------------------| 300
************************************************** 90%
****** 100%
. . . . Updating 0
. Deleting model
. 
All chains have finished
Simulation complete.  Reading coda files...
Coda files loaded successfully
Finished running the simulation

-------------
2023-10-31 11:27:23 : Replicate 1 time elapsed: 1.64 secs
-------------

Note: The monitored variables 'b.prime[2,1]', 'b.prime[3,1]',
'b.prime[4,1]', 'b.prime[5,1]', 'b.prime[6,1]', 'b.prime[1,2]',
'b.prime[2,2]', 'b.prime[3,2]', 'b.prime[4,2]', 'b.prime[5,2]',
'b.prime[6,2]', 'b.prime[1,3]', 'b.prime[4,3]', 'b.prime[5,3]',
'b.prime[6,3]', 'b.prime[1,4]', 'b.prime[3,4]', 'b.prime[4,4]',
'b.prime[5,4]', 'b.prime[6,4]', 'b.prime[2,5]', 'b.prime[3,5]',
'b.prime[4,5]', 'b.prime[5,5]', 'b.prime[6,5]', 'b.prime[1,6]',
'b.prime[3,6]', 'b.prime[5,6]', 'b.prime[6,6]', 'w[2,1]', 'w[3,1]',
'w[4,1]', 'w[5,1]', 'w[6,1]', 'w[1,2]', 'w[2,2]', 'w[3,2]',
'w[4,2]', 'w[5,2]', 'w[6,2]', 'w[1,3]', 'w[4,3]', 'w[5,3]',
'w[6,3]', 'w[1,4]', 'w[3,4]', 'w[4,4]', 'w[5,4]', 'w[6,4]',
'w[2,5]', 'w[3,5]', 'w[4,5]', 'w[5,5]', 'w[6,5]', 'w[1,6]',
'w[3,6]', 'w[4,6]', 'w[5,6]' and 'w[6,6]' appear to be
non-stochastic; they will not be included in the convergence
diagnostic
Note: The monitored variables 'b.prime[1,5]', 'b.prime[2,3]',
'b.prime[2,4]', 'b.prime[2,6]', 'b.prime[3,3]', 'w[1,1]', 'w[1,5]',
'w[2,3]', 'w[2,4]', 'w[2,6]' and 'w[3,3]' appear to be stochastic in
one chain but non-stochastic in another chain; they will not be
included in the convergence diagnostic
Note: Unable to calculate the multivariate psrf

-------------
2023-10-31 11:27:24 : Begin replicate 2
-------------

  Extracting PCs...

  Running Bayesian model...

Calling 3 simulations using the parallel method...
Following the progress of chain 1 (the program will wait for all
chains to finish before continuing):
Welcome to JAGS 4.3.2 (official binary) on Tue Oct 31 11:27:29 2023
JAGS is free software and comes with ABSOLUTELY NO WARRANTY
Loading module: basemod: ok
Loading module: bugs: ok
. Loading module: glm: ok
. Loading module: lecuyer: ok
. Loading module: dic: ok
. . Reading data file data.txt
. Compiling model graph
   Resolving undeclared variables
   Allocating nodes
Graph information:
   Observed stochastic nodes: 372
   Unobserved stochastic nodes: 84
   Total graph size: 1691
. Reading parameter file inits1.txt
. Initializing model
. Adapting 100
-------------------------------------------------| 100
++++++++++++++++++++++++++++++++++++++++++++++++++ 100%
Adaptation successful
. Updating 1000
-------------------------------------------------| 1000
************************************************** 100%
. . . . . . Updating 334
-------------------------------------------------| 300
************************************************** 90%
****** 100%
. . . . Updating 0
. Deleting model
. 
All chains have finished
Simulation complete.  Reading coda files...
Coda files loaded successfully
Finished running the simulation

-------------
2023-10-31 11:27:30 : Replicate 2 time elapsed: 1.77 secs
-------------

Note: The monitored variables 'b.prime[2,1]', 'b.prime[3,1]',
'b.prime[4,1]', 'b.prime[5,1]', 'b.prime[6,1]', 'b.prime[1,2]',
'b.prime[3,2]', 'b.prime[4,2]', 'b.prime[5,2]', 'b.prime[6,2]',
'b.prime[3,3]', 'b.prime[4,3]', 'b.prime[5,3]', 'b.prime[6,3]',
'b.prime[1,4]', 'b.prime[2,4]', 'b.prime[3,4]', 'b.prime[5,4]',
'b.prime[6,4]', 'b.prime[1,5]', 'b.prime[2,5]', 'b.prime[4,5]',
'b.prime[5,5]', 'b.prime[3,6]', 'b.prime[5,6]', 'b.prime[6,6]',
'w[1,1]', 'w[2,1]', 'w[3,1]', 'w[4,1]', 'w[5,1]', 'w[6,1]',
'w[1,2]', 'w[3,2]', 'w[4,2]', 'w[5,2]', 'w[6,2]', 'w[2,3]',
'w[3,3]', 'w[4,3]', 'w[5,3]', 'w[6,3]', 'w[1,4]', 'w[2,4]',
'w[3,4]', 'w[5,4]', 'w[6,4]', 'w[1,5]', 'w[2,5]', 'w[4,5]',
'w[5,5]', 'w[3,6]', 'w[5,6]' and 'w[6,6]' appear to be
non-stochastic; they will not be included in the convergence
diagnostic
Note: The monitored variables 'b.prime[1,3]', 'b.prime[1,6]',
'b.prime[2,2]', 'b.prime[2,6]', 'b.prime[3,5]', 'b.prime[4,4]',
'b.prime[6,5]', 'w[1,3]', 'w[1,6]', 'w[2,2]', 'w[2,6]', 'w[3,5]',
'w[4,4]', 'w[4,6]' and 'w[6,5]' appear to be stochastic in one chain
but non-stochastic in another chain; they will not be included in
the convergence diagnostic
Note: Unable to calculate the multivariate psrf

-------------
2023-10-31 11:27:31 : Begin replicate 3
-------------

  Extracting PCs...

  Running Bayesian model...

Calling 3 simulations using the parallel method...
Following the progress of chain 1 (the program will wait for all
chains to finish before continuing):
Welcome to JAGS 4.3.2 (official binary) on Tue Oct 31 11:27:35 2023
JAGS is free software and comes with ABSOLUTELY NO WARRANTY
Loading module: basemod: ok
Loading module: bugs: ok
. Loading module: glm: ok
. Loading module: lecuyer: ok
. Loading module: dic: ok
. . Reading data file data.txt
. Compiling model graph
   Resolving undeclared variables
   Allocating nodes
Graph information:
   Observed stochastic nodes: 372
   Unobserved stochastic nodes: 84
   Total graph size: 1691
. Reading parameter file inits1.txt
. Initializing model
. Adapting 100
-------------------------------------------------| 100
++++++++++++++++++++++++++++++++++++++++++++++++++ 100%
Adaptation successful
. Updating 1000
-------------------------------------------------| 1000
************************************************** 100%
. . . . . . Updating 334
-------------------------------------------------| 300
************************************************** 90%
****** 100%
. . . . Updating 0
. Deleting model
. 
All chains have finished
Simulation complete.  Reading coda files...
Coda files loaded successfully
Finished running the simulation

-------------
2023-10-31 11:27:36 : Replicate 3 time elapsed: 1.61 secs
-------------

Note: The monitored variables 'b.prime[2,1]', 'b.prime[3,1]',
'b.prime[5,1]', 'b.prime[6,1]', 'b.prime[3,2]', 'b.prime[4,2]',
'b.prime[5,2]', 'b.prime[6,2]', 'b.prime[1,3]', 'b.prime[4,3]',
'b.prime[5,3]', 'b.prime[6,3]', 'b.prime[1,4]', 'b.prime[2,4]',
'b.prime[3,4]', 'b.prime[5,4]', 'b.prime[6,4]', 'b.prime[2,5]',
'b.prime[3,5]', 'b.prime[4,5]', 'b.prime[6,5]', 'b.prime[1,6]',
'b.prime[3,6]', 'b.prime[5,6]', 'b.prime[6,6]', 'w[2,1]', 'w[3,1]',
'w[5,1]', 'w[6,1]', 'w[3,2]', 'w[4,2]', 'w[5,2]', 'w[6,2]',
'w[1,3]', 'w[2,3]', 'w[4,3]', 'w[5,3]', 'w[6,3]', 'w[1,4]',
'w[2,4]', 'w[3,4]', 'w[5,4]', 'w[6,4]', 'w[2,5]', 'w[3,5]',
'w[4,5]', 'w[6,5]', 'w[1,6]', 'w[3,6]', 'w[5,6]' and 'w[6,6]' appear
to be non-stochastic; they will not be included in the convergence
diagnostic
Note: The monitored variables 'b.prime[1,1]', 'b.prime[1,2]',
'b.prime[1,5]', 'b.prime[2,2]', 'b.prime[2,6]', 'b.prime[3,3]',
'b.prime[4,1]', 'b.prime[4,4]', 'b.prime[4,6]', 'b.prime[5,5]',
'w[1,1]', 'w[1,2]', 'w[1,5]', 'w[2,2]', 'w[2,6]', 'w[3,3]',
'w[4,1]', 'w[4,4]', 'w[4,6]' and 'w[5,5]' appear to be stochastic in
one chain but non-stochastic in another chain; they will not be
included in the convergence diagnostic
Note: Unable to calculate the multivariate psrf

-------------
2023-10-31 11:27:37 : Begin replicate 4
-------------

  Extracting PCs...

  Running Bayesian model...

Calling 3 simulations using the parallel method...
Following the progress of chain 1 (the program will wait for all
chains to finish before continuing):
Welcome to JAGS 4.3.2 (official binary) on Tue Oct 31 11:27:41 2023
JAGS is free software and comes with ABSOLUTELY NO WARRANTY
Loading module: basemod: ok
Loading module: bugs: ok
. Loading module: glm: ok
. Loading module: lecuyer: ok
. Loading module: dic: ok
. . Reading data file data.txt
. Compiling model graph
   Resolving undeclared variables
   Allocating nodes
Graph information:
   Observed stochastic nodes: 372
   Unobserved stochastic nodes: 84
   Total graph size: 1691
. Reading parameter file inits1.txt
. Initializing model
. Adapting 100
-------------------------------------------------| 100
++++++++++++++++++++++++++++++++++++++++++++++++++ 100%
Adaptation successful
. Updating 1000
-------------------------------------------------| 1000
************************************************** 100%
. . . . . . Updating 334
-------------------------------------------------| 300
************************************************** 90%
****** 100%
. . . . Updating 0
. Deleting model
. 
All chains have finished
Simulation complete.  Reading coda files...
Coda files loaded successfully
Finished running the simulation

-------------
2023-10-31 11:27:44 : Replicate 4 time elapsed: 3.01 secs
-------------

Note: The monitored variables 'b.prime[2,1]', 'b.prime[3,1]',
'b.prime[4,1]', 'b.prime[5,1]', 'b.prime[6,1]', 'b.prime[1,2]',
'b.prime[3,2]', 'b.prime[4,2]', 'b.prime[5,2]', 'b.prime[6,2]',
'b.prime[3,3]', 'b.prime[4,3]', 'b.prime[5,3]', 'b.prime[6,3]',
'b.prime[1,4]', 'b.prime[2,4]', 'b.prime[3,4]', 'b.prime[6,4]',
'b.prime[2,5]', 'b.prime[5,5]', 'b.prime[6,5]', 'b.prime[2,6]',
'b.prime[5,6]', 'b.prime[6,6]', 'w[1,1]', 'w[2,1]', 'w[3,1]',
'w[4,1]', 'w[5,1]', 'w[6,1]', 'w[1,2]', 'w[3,2]', 'w[4,2]',
'w[5,2]', 'w[6,2]', 'w[3,3]', 'w[4,3]', 'w[5,3]', 'w[6,3]',
'w[1,4]', 'w[2,4]', 'w[3,4]', 'w[4,4]', 'w[6,4]', 'w[2,5]',
'w[5,5]', 'w[6,5]', 'w[2,6]', 'w[4,6]', 'w[5,6]' and 'w[6,6]' appear
to be non-stochastic; they will not be included in the convergence
diagnostic
Note: The monitored variables 'b.prime[1,3]', 'b.prime[1,5]',
'b.prime[1,6]', 'b.prime[2,2]', 'b.prime[2,3]', 'b.prime[3,5]',
'b.prime[3,6]', 'b.prime[4,5]', 'b.prime[5,4]', 'w[1,3]', 'w[1,5]',
'w[1,6]', 'w[2,2]', 'w[2,3]', 'w[3,5]', 'w[3,6]', 'w[4,5]' and
'w[5,4]' appear to be stochastic in one chain but non-stochastic in
another chain; they will not be included in the convergence
diagnostic
Note: Unable to calculate the multivariate psrf

-------------
2023-10-31 11:27:45 : Begin replicate 5
-------------

  Extracting PCs...

  Running Bayesian model...

Calling 3 simulations using the parallel method...
Following the progress of chain 1 (the program will wait for all
chains to finish before continuing):
Welcome to JAGS 4.3.2 (official binary) on Tue Oct 31 11:27:50 2023
JAGS is free software and comes with ABSOLUTELY NO WARRANTY
Loading module: basemod: ok
Loading module: bugs: ok
. Loading module: glm: ok
. Loading module: lecuyer: ok
. Loading module: dic: ok
. . Reading data file data.txt
. Compiling model graph
   Resolving undeclared variables
   Allocating nodes
Graph information:
   Observed stochastic nodes: 372
   Unobserved stochastic nodes: 84
   Total graph size: 1691
. Reading parameter file inits1.txt
. Initializing model
. Adapting 100
-------------------------------------------------| 100
++++++++++++++++++++++++++++++++++++++++++++++++++ 100%
Adaptation successful
. Updating 1000
-------------------------------------------------| 1000
************************************************** 100%
. . . . . . Updating 334
-------------------------------------------------| 300
************************************************** 90%
****** 100%
. . . . Updating 0
. Deleting model
. 
All chains have finished
Simulation complete.  Reading coda files...
Coda files loaded successfully
Finished running the simulation

-------------
2023-10-31 11:27:51 : Replicate 5 time elapsed: 1.63 secs
-------------

Note: The monitored variables 'b.prime[2,1]', 'b.prime[4,1]',
'b.prime[5,1]', 'b.prime[6,1]', 'b.prime[1,2]', 'b.prime[2,2]',
'b.prime[3,2]', 'b.prime[6,2]', 'b.prime[1,3]', 'b.prime[3,3]',
'b.prime[4,3]', 'b.prime[5,3]', 'b.prime[6,3]', 'b.prime[1,4]',
'b.prime[2,4]', 'b.prime[3,4]', 'b.prime[5,4]', 'b.prime[6,4]',
'b.prime[2,5]', 'b.prime[3,5]', 'b.prime[4,5]', 'b.prime[5,5]',
'b.prime[6,5]', 'b.prime[1,6]', 'b.prime[2,6]', 'b.prime[5,6]',
'b.prime[6,6]', 'w[2,1]', 'w[4,1]', 'w[5,1]', 'w[6,1]', 'w[1,2]',
'w[2,2]', 'w[3,2]', 'w[6,2]', 'w[1,3]', 'w[3,3]', 'w[4,3]',
'w[5,3]', 'w[6,3]', 'w[1,4]', 'w[2,4]', 'w[3,4]', 'w[5,4]',
'w[6,4]', 'w[2,5]', 'w[3,5]', 'w[4,5]', 'w[5,5]', 'w[6,5]',
'w[1,6]', 'w[2,6]', 'w[4,6]', 'w[5,6]' and 'w[6,6]' appear to be
non-stochastic; they will not be included in the convergence
diagnostic
Note: The monitored variables 'b.prime[1,1]', 'b.prime[1,5]',
'b.prime[2,3]', 'b.prime[3,1]', 'b.prime[3,6]', 'b.prime[4,2]',
'b.prime[4,4]', 'b.prime[5,2]', 'w[1,1]', 'w[1,5]', 'w[2,3]',
'w[3,1]', 'w[3,6]', 'w[4,2]', 'w[4,4]' and 'w[5,2]' appear to be
stochastic in one chain but non-stochastic in another chain; they
will not be included in the convergence diagnostic
Note: Unable to calculate the multivariate psrf

-------------
2023-10-31 11:27:52 : Begin replicate 6
-------------

  Extracting PCs...

  Running Bayesian model...

Calling 3 simulations using the parallel method...
Following the progress of chain 1 (the program will wait for all
chains to finish before continuing):
Welcome to JAGS 4.3.2 (official binary) on Tue Oct 31 11:27:56 2023
JAGS is free software and comes with ABSOLUTELY NO WARRANTY
Loading module: basemod: ok
Loading module: bugs: ok
. Loading module: glm: ok
. Loading module: lecuyer: ok
. Loading module: dic: ok
. . Reading data file data.txt
. Compiling model graph
   Resolving undeclared variables
   Allocating nodes
Graph information:
   Observed stochastic nodes: 372
   Unobserved stochastic nodes: 84
   Total graph size: 1691
. Reading parameter file inits1.txt
. Initializing model
. Adapting 100
-------------------------------------------------| 100
++++++++++++++++++++++++++++++++++++++++++++++++++ 100%
Adaptation successful
. Updating 1000
-------------------------------------------------| 1000
************************************************** 100%
. . . . . . Updating 334
-------------------------------------------------| 300
************************************************** 90%
****** 100%
. . . . Updating 0
. Deleting model
. 
All chains have finished
Simulation complete.  Reading coda files...
Coda files loaded successfully
Finished running the simulation

-------------
2023-10-31 11:27:58 : Replicate 6 time elapsed: 1.63 secs
-------------

Note: The monitored variables 'b.prime[2,1]', 'b.prime[3,1]',
'b.prime[4,1]', 'b.prime[5,1]', 'b.prime[6,1]', 'b.prime[1,2]',
'b.prime[4,2]', 'b.prime[5,2]', 'b.prime[4,3]', 'b.prime[5,3]',
'b.prime[6,3]', 'b.prime[1,4]', 'b.prime[2,4]', 'b.prime[5,4]',
'b.prime[6,4]', 'b.prime[1,5]', 'b.prime[4,5]', 'b.prime[2,6]',
'b.prime[5,6]', 'b.prime[6,6]', 'w[2,1]', 'w[3,1]', 'w[4,1]',
'w[5,1]', 'w[6,1]', 'w[1,2]', 'w[4,2]', 'w[5,2]', 'w[2,3]',
'w[4,3]', 'w[5,3]', 'w[6,3]', 'w[1,4]', 'w[2,4]', 'w[5,4]',
'w[6,4]', 'w[1,5]', 'w[4,5]', 'w[2,6]', 'w[4,6]', 'w[5,6]' and
'w[6,6]' appear to be non-stochastic; they will not be included in
the convergence diagnostic
Note: The monitored variables 'b.prime[1,1]', 'b.prime[1,3]',
'b.prime[1,6]', 'b.prime[2,2]', 'b.prime[2,5]', 'b.prime[3,2]',
'b.prime[3,3]', 'b.prime[3,4]', 'b.prime[3,5]', 'b.prime[3,6]',
'b.prime[4,4]', 'b.prime[5,5]', 'b.prime[6,2]', 'b.prime[6,5]',
'w[1,1]', 'w[1,3]', 'w[1,6]', 'w[2,2]', 'w[2,5]', 'w[3,2]',
'w[3,3]', 'w[3,4]', 'w[3,5]', 'w[3,6]', 'w[4,4]', 'w[5,5]', 'w[6,2]'
and 'w[6,5]' appear to be stochastic in one chain but non-stochastic
in another chain; they will not be included in the convergence
diagnostic
Note: Unable to calculate the multivariate psrf

-------------
2023-10-31 11:27:59 : Begin replicate 7
-------------

  Extracting PCs...

  Running Bayesian model...

Calling 3 simulations using the parallel method...
Following the progress of chain 1 (the program will wait for all
chains to finish before continuing):
Welcome to JAGS 4.3.2 (official binary) on Tue Oct 31 11:28:03 2023
JAGS is free software and comes with ABSOLUTELY NO WARRANTY
Loading module: basemod: ok
Loading module: bugs: ok
. Loading module: glm: ok
. Loading module: lecuyer: ok
. Loading module: dic: ok
. . Reading data file data.txt
. Compiling model graph
   Resolving undeclared variables
   Allocating nodes
Graph information:
   Observed stochastic nodes: 372
   Unobserved stochastic nodes: 84
   Total graph size: 1691
. Reading parameter file inits1.txt
. Initializing model
. Adapting 100
-------------------------------------------------| 100
++++++++++++++++++++++++++++++++++++++++++++++++++ 100%
Adaptation successful
. Updating 1000
-------------------------------------------------| 1000
************************************************** 100%
. . . . . . Updating 334
-------------------------------------------------| 300
************************************************** 90%
****** 100%
. . . . Updating 0
. Deleting model
. 
All chains have finished
Simulation complete.  Reading coda files...
Coda files loaded successfully
Finished running the simulation

-------------
2023-10-31 11:28:06 : Replicate 7 time elapsed: 3.02 secs
-------------

Note: The monitored variables 'b.prime[2,1]', 'b.prime[4,1]',
'b.prime[5,1]', 'b.prime[6,1]', 'b.prime[1,2]', 'b.prime[3,2]',
'b.prime[4,2]', 'b.prime[5,2]', 'b.prime[6,2]', 'b.prime[3,3]',
'b.prime[4,3]', 'b.prime[5,3]', 'b.prime[6,3]', 'b.prime[1,4]',
'b.prime[6,4]', 'b.prime[1,5]', 'b.prime[2,5]', 'b.prime[5,5]',
'b.prime[6,5]', 'b.prime[1,6]', 'b.prime[2,6]', 'b.prime[3,6]',
'b.prime[5,6]', 'b.prime[6,6]', 'w[1,1]', 'w[2,1]', 'w[4,1]',
'w[5,1]', 'w[6,1]', 'w[1,2]', 'w[3,2]', 'w[4,2]', 'w[5,2]',
'w[6,2]', 'w[3,3]', 'w[4,3]', 'w[5,3]', 'w[6,3]', 'w[1,4]',
'w[6,4]', 'w[1,5]', 'w[2,5]', 'w[5,5]', 'w[6,5]', 'w[1,6]',
'w[2,6]', 'w[3,6]', 'w[5,6]' and 'w[6,6]' appear to be
non-stochastic; they will not be included in the convergence
diagnostic
Note: The monitored variables 'b.prime[1,3]', 'b.prime[2,2]',
'b.prime[2,3]', 'b.prime[2,4]', 'b.prime[3,1]', 'b.prime[3,4]',
'b.prime[3,5]', 'b.prime[4,4]', 'b.prime[4,5]', 'b.prime[5,4]',
'w[1,3]', 'w[2,2]', 'w[2,3]', 'w[2,4]', 'w[3,1]', 'w[3,4]',
'w[3,5]', 'w[4,4]', 'w[4,5]', 'w[4,6]' and 'w[5,4]' appear to be
stochastic in one chain but non-stochastic in another chain; they
will not be included in the convergence diagnostic
Note: Unable to calculate the multivariate psrf

-------------
2023-10-31 11:28:07 : Begin replicate 8
-------------

  Extracting PCs...

  Running Bayesian model...

Calling 3 simulations using the parallel method...
Following the progress of chain 1 (the program will wait for all
chains to finish before continuing):
Welcome to JAGS 4.3.2 (official binary) on Tue Oct 31 11:28:11 2023
JAGS is free software and comes with ABSOLUTELY NO WARRANTY
Loading module: basemod: ok
Loading module: bugs: ok
. Loading module: glm: ok
. Loading module: lecuyer: ok
. Loading module: dic: ok
. . Reading data file data.txt
. Compiling model graph
   Resolving undeclared variables
   Allocating nodes
Graph information:
   Observed stochastic nodes: 372
   Unobserved stochastic nodes: 84
   Total graph size: 1691
. Reading parameter file inits1.txt
. Initializing model
. Adapting 100
-------------------------------------------------| 100
++++++++++++++++++++++++++++++++++++++++++++++++++ 100%
Adaptation successful
. Updating 1000
-------------------------------------------------| 1000
************************************************** 100%
. . . . . . Updating 334
-------------------------------------------------| 300
************************************************** 90%
****** 100%
. . . . Updating 0
. Deleting model
. 
All chains have finished
Simulation complete.  Reading coda files...
Coda files loaded successfully
Finished running the simulation

-------------
2023-10-31 11:28:12 : Replicate 8 time elapsed: 1.51 secs
-------------

Note: The monitored variables 'b.prime[2,1]', 'b.prime[3,1]',
'b.prime[4,1]', 'b.prime[5,1]', 'b.prime[6,1]', 'b.prime[1,2]',
'b.prime[4,2]', 'b.prime[3,3]', 'b.prime[4,3]', 'b.prime[5,3]',
'b.prime[6,3]', 'b.prime[1,4]', 'b.prime[3,4]', 'b.prime[5,4]',
'b.prime[6,4]', 'b.prime[2,5]', 'b.prime[3,5]', 'b.prime[4,5]',
'b.prime[5,5]', 'b.prime[6,5]', 'b.prime[2,6]', 'b.prime[3,6]',
'b.prime[5,6]', 'b.prime[6,6]', 'w[1,1]', 'w[2,1]', 'w[3,1]',
'w[4,1]', 'w[5,1]', 'w[6,1]', 'w[1,2]', 'w[4,2]', 'w[2,3]',
'w[3,3]', 'w[4,3]', 'w[5,3]', 'w[6,3]', 'w[1,4]', 'w[3,4]',
'w[5,4]', 'w[6,4]', 'w[2,5]', 'w[3,5]', 'w[4,5]', 'w[5,5]',
'w[6,5]', 'w[2,6]', 'w[3,6]', 'w[5,6]' and 'w[6,6]' appear to be
non-stochastic; they will not be included in the convergence
diagnostic
Note: The monitored variables 'b.prime[1,3]', 'b.prime[1,5]',
'b.prime[1,6]', 'b.prime[2,2]', 'b.prime[2,4]', 'b.prime[3,2]',
'b.prime[4,4]', 'b.prime[4,6]', 'b.prime[5,2]', 'b.prime[6,2]',
'w[1,3]', 'w[1,5]', 'w[1,6]', 'w[2,2]', 'w[2,4]', 'w[3,2]',
'w[4,4]', 'w[4,6]', 'w[5,2]' and 'w[6,2]' appear to be stochastic in
one chain but non-stochastic in another chain; they will not be
included in the convergence diagnostic
Note: Unable to calculate the multivariate psrf

-------------
2023-10-31 11:28:14 : Begin replicate 9
-------------

  Extracting PCs...

  Running Bayesian model...

Calling 3 simulations using the parallel method...
Following the progress of chain 1 (the program will wait for all
chains to finish before continuing):
Welcome to JAGS 4.3.2 (official binary) on Tue Oct 31 11:28:18 2023
JAGS is free software and comes with ABSOLUTELY NO WARRANTY
Loading module: basemod: ok
Loading module: bugs: ok
. Loading module: glm: ok
. Loading module: lecuyer: ok
. Loading module: dic: ok
. . Reading data file data.txt
. Compiling model graph
   Resolving undeclared variables
   Allocating nodes
Graph information:
   Observed stochastic nodes: 372
   Unobserved stochastic nodes: 84
   Total graph size: 1691
. Reading parameter file inits1.txt
. Initializing model
. Adapting 100
-------------------------------------------------| 100
++++++++++++++++++++++++++++++++++++++++++++++++++ 100%
Adaptation successful
. Updating 1000
-------------------------------------------------| 1000
************************************************** 100%
. . . . . . Updating 334
-------------------------------------------------| 300
************************************************** 90%
****** 100%
. . . . Updating 0
. Deleting model
. 
All chains have finished
Simulation complete.  Reading coda files...
Coda files loaded successfully
Finished running the simulation

-------------
2023-10-31 11:28:21 : Replicate 9 time elapsed: 3.08 secs
-------------

Note: The monitored variables 'b.prime[2,1]', 'b.prime[3,1]',
'b.prime[4,1]', 'b.prime[5,1]', 'b.prime[6,1]', 'b.prime[1,2]',
'b.prime[3,2]', 'b.prime[4,2]', 'b.prime[5,2]', 'b.prime[6,2]',
'b.prime[4,3]', 'b.prime[5,3]', 'b.prime[6,3]', 'b.prime[1,4]',
'b.prime[3,4]', 'b.prime[5,4]', 'b.prime[6,4]', 'b.prime[1,5]',
'b.prime[2,5]', 'b.prime[4,5]', 'b.prime[5,5]', 'b.prime[1,6]',
'b.prime[2,6]', 'b.prime[3,6]', 'b.prime[5,6]', 'b.prime[6,6]',
'w[2,1]', 'w[3,1]', 'w[4,1]', 'w[5,1]', 'w[6,1]', 'w[1,2]',
'w[3,2]', 'w[4,2]', 'w[5,2]', 'w[6,2]', 'w[4,3]', 'w[5,3]',
'w[6,3]', 'w[1,4]', 'w[3,4]', 'w[5,4]', 'w[6,4]', 'w[1,5]',
'w[2,5]', 'w[4,5]', 'w[5,5]', 'w[1,6]', 'w[2,6]', 'w[3,6]',
'w[4,6]', 'w[5,6]' and 'w[6,6]' appear to be non-stochastic; they
will not be included in the convergence diagnostic
Note: The monitored variables 'b.prime[1,1]', 'b.prime[1,3]',
'b.prime[2,2]', 'b.prime[2,3]', 'b.prime[2,4]', 'b.prime[3,3]',
'b.prime[3,5]', 'b.prime[4,4]', 'b.prime[6,5]', 'w[1,1]', 'w[1,3]',
'w[2,2]', 'w[2,3]', 'w[2,4]', 'w[3,3]', 'w[3,5]', 'w[4,4]' and
'w[6,5]' appear to be stochastic in one chain but non-stochastic in
another chain; they will not be included in the convergence
diagnostic
Note: Unable to calculate the multivariate psrf

-------------
2023-10-31 11:28:22 : Begin replicate 10
-------------

  Extracting PCs...

  Running Bayesian model...

Calling 3 simulations using the parallel method...
Following the progress of chain 1 (the program will wait for all
chains to finish before continuing):
Welcome to JAGS 4.3.2 (official binary) on Tue Oct 31 11:28:26 2023
JAGS is free software and comes with ABSOLUTELY NO WARRANTY
Loading module: basemod: ok
Loading module: bugs: ok
. Loading module: glm: ok
. Loading module: lecuyer: ok
. Loading module: dic: ok
. . Reading data file data.txt
. Compiling model graph
   Resolving undeclared variables
   Allocating nodes
Graph information:
   Observed stochastic nodes: 372
   Unobserved stochastic nodes: 84
   Total graph size: 1691
. Reading parameter file inits1.txt
. Initializing model
. Adapting 100
-------------------------------------------------| 100
++++++++++++++++++++++++++++++++++++++++++++++++++ 100%
Adaptation successful
. Updating 1000
-------------------------------------------------| 1000
************************************************** 100%
. . . . . . Updating 334
-------------------------------------------------| 300
************************************************** 90%
****** 100%
. . . . Updating 0
. Deleting model
. 
All chains have finished
Simulation complete.  Reading coda files...
Coda files loaded successfully
Finished running the simulation

-------------
2023-10-31 11:28:29 : Replicate 10 time elapsed: 3.04 secs
-------------

Note: The monitored variables 'b.prime[2,1]', 'b.prime[3,1]',
'b.prime[4,1]', 'b.prime[5,1]', 'b.prime[6,1]', 'b.prime[3,2]',
'b.prime[4,2]', 'b.prime[5,2]', 'b.prime[6,2]', 'b.prime[3,3]',
'b.prime[4,3]', 'b.prime[5,3]', 'b.prime[6,3]', 'b.prime[1,4]',
'b.prime[2,4]', 'b.prime[3,4]', 'b.prime[5,4]', 'b.prime[6,4]',
'b.prime[2,5]', 'b.prime[5,5]', 'b.prime[1,6]', 'b.prime[2,6]',
'b.prime[3,6]', 'b.prime[5,6]', 'b.prime[6,6]', 'w[2,1]', 'w[3,1]',
'w[4,1]', 'w[5,1]', 'w[6,1]', 'w[3,2]', 'w[4,2]', 'w[5,2]',
'w[6,2]', 'w[3,3]', 'w[4,3]', 'w[5,3]', 'w[6,3]', 'w[1,4]',
'w[2,4]', 'w[3,4]', 'w[5,4]', 'w[6,4]', 'w[2,5]', 'w[5,5]',
'w[1,6]', 'w[2,6]', 'w[3,6]', 'w[5,6]' and 'w[6,6]' appear to be
non-stochastic; they will not be included in the convergence
diagnostic
Note: The monitored variables 'b.prime[1,2]', 'b.prime[1,3]',
'b.prime[1,5]', 'b.prime[2,2]', 'b.prime[2,3]', 'b.prime[3,5]',
'b.prime[4,4]', 'b.prime[4,5]', 'b.prime[6,5]', 'w[1,1]', 'w[1,2]',
'w[1,3]', 'w[1,5]', 'w[2,2]', 'w[2,3]', 'w[3,5]', 'w[4,4]',
'w[4,5]', 'w[4,6]' and 'w[6,5]' appear to be stochastic in one chain
but non-stochastic in another chain; they will not be included in
the convergence diagnostic
Note: Unable to calculate the multivariate psrf

-------------
2023-10-31 11:28:32 : End replicates
Number of replicates: 10
MCMC parameters:
  Chains: 3
  Adapt: 100
  Burnin: 1000
  Total Samples: 1000
  Thinning: 1
Total elapsed time: 1.23 mins (7.37 secs per replicate)
-------------

